<?xml version="1.0" encoding="UTF-8"?>
<testsuites>
  <testsuite name="fastlane.lanes">
    
    
    
      
      <testcase classname="fastlane.lanes" name="0: default_platform" time="0.005964">
        
      </testcase>
    
      
      <testcase classname="fastlane.lanes" name="1: rm -f ../app/build/outputs/apk/*/*/*.apk" time="0.016786">
        
      </testcase>
    
      
      <testcase classname="fastlane.lanes" name="2: increment_version_code" time="0.01218">
        
      </testcase>
    
      
      <testcase classname="fastlane.lanes" name="3: gradle" time="3.843465">
        
          <failure message="/Users/rbelmeha/.fastlane/bin/bundle/lib/ruby/gems/2.2.0/gems/fastlane-2.119.0/fastlane/lib/fastlane/actions/actions_helper.rb:48:in `execute_action'&#10;/Users/rbelmeha/.fastlane/bin/bundle/lib/ruby/gems/2.2.0/gems/fastlane-2.119.0/fastlane/lib/fastlane/runner.rb:232:in `block in execute_action'&#10;/Users/rbelmeha/.fastlane/bin/bundle/lib/ruby/gems/2.2.0/gems/fastlane-2.119.0/fastlane/lib/fastlane/runner.rb:227:in `chdir'&#10;/Users/rbelmeha/.fastlane/bin/bundle/lib/ruby/gems/2.2.0/gems/fastlane-2.119.0/fastlane/lib/fastlane/runner.rb:227:in `execute_action'&#10;/Users/rbelmeha/.fastlane/bin/bundle/lib/ruby/gems/2.2.0/gems/fastlane-2.119.0/fastlane/lib/fastlane/runner.rb:157:in `trigger_action_by_name'&#10;/Users/rbelmeha/.fastlane/bin/bundle/lib/ruby/gems/2.2.0/gems/fastlane-2.119.0/fastlane/lib/fastlane/fast_file.rb:154:in `method_missing'&#10;Fastfile:30:in `block (2 levels) in parsing_binding'&#10;/Users/rbelmeha/.fastlane/bin/bundle/lib/ruby/gems/2.2.0/gems/fastlane-2.119.0/fastlane/lib/fastlane/lane.rb:33:in `call'&#10;/Users/rbelmeha/.fastlane/bin/bundle/lib/ruby/gems/2.2.0/gems/fastlane-2.119.0/fastlane/lib/fastlane/lane.rb:33:in `call'&#10;/Users/rbelmeha/.fastlane/bin/bundle/lib/ruby/gems/2.2.0/gems/fastlane-2.119.0/fastlane/lib/fastlane/runner.rb:49:in `block in execute'&#10;/Users/rbelmeha/.fastlane/bin/bundle/lib/ruby/gems/2.2.0/gems/fastlane-2.119.0/fastlane/lib/fastlane/runner.rb:45:in `chdir'&#10;/Users/rbelmeha/.fastlane/bin/bundle/lib/ruby/gems/2.2.0/gems/fastlane-2.119.0/fastlane/lib/fastlane/runner.rb:45:in `execute'&#10;/Users/rbelmeha/.fastlane/bin/bundle/lib/ruby/gems/2.2.0/gems/fastlane-2.119.0/fastlane/lib/fastlane/lane_manager.rb:56:in `cruise_lane'&#10;/Users/rbelmeha/.fastlane/bin/bundle/lib/ruby/gems/2.2.0/gems/fastlane-2.119.0/fastlane/lib/fastlane/command_line_handler.rb:36:in `handle'&#10;/Users/rbelmeha/.fastlane/bin/bundle/lib/ruby/gems/2.2.0/gems/fastlane-2.119.0/fastlane/lib/fastlane/commands_generator.rb:108:in `block (2 levels) in run'&#10;/Users/rbelmeha/.fastlane/bin/bundle/lib/ruby/gems/2.2.0/gems/commander-fastlane-4.4.6/lib/commander/command.rb:178:in `call'&#10;/Users/rbelmeha/.fastlane/bin/bundle/lib/ruby/gems/2.2.0/gems/commander-fastlane-4.4.6/lib/commander/command.rb:178:in `call'&#10;/Users/rbelmeha/.fastlane/bin/bundle/lib/ruby/gems/2.2.0/gems/commander-fastlane-4.4.6/lib/commander/command.rb:153:in `run'&#10;/Users/rbelmeha/.fastlane/bin/bundle/lib/ruby/gems/2.2.0/gems/commander-fastlane-4.4.6/lib/commander/runner.rb:476:in `run_active_command'&#10;/Users/rbelmeha/.fastlane/bin/bundle/lib/ruby/gems/2.2.0/gems/fastlane-2.119.0/fastlane_core/lib/fastlane_core/ui/fastlane_runner.rb:76:in `run!'&#10;/Users/rbelmeha/.fastlane/bin/bundle/lib/ruby/gems/2.2.0/gems/commander-fastlane-4.4.6/lib/commander/delegates.rb:15:in `run!'&#10;/Users/rbelmeha/.fastlane/bin/bundle/lib/ruby/gems/2.2.0/gems/fastlane-2.119.0/fastlane/lib/fastlane/commands_generator.rb:333:in `run'&#10;/Users/rbelmeha/.fastlane/bin/bundle/lib/ruby/gems/2.2.0/gems/fastlane-2.119.0/fastlane/lib/fastlane/commands_generator.rb:41:in `start'&#10;/Users/rbelmeha/.fastlane/bin/bundle/lib/ruby/gems/2.2.0/gems/fastlane-2.119.0/fastlane/lib/fastlane/cli_tools_distributor.rb:119:in `take_off'&#10;/Users/rbelmeha/.fastlane/bin/bundle/lib/ruby/gems/2.2.0/gems/fastlane-2.119.0/bin/fastlane:23:in `&lt;top (required)&gt;'&#10;/Users/rbelmeha/.fastlane/bin/bundle/bin/fastlane:22:in `load'&#10;/Users/rbelmeha/.fastlane/bin/bundle/bin/fastlane:22:in `&lt;main&gt;'&#10;&#10;Exit status of command '/Users/rbelmeha/Documents/pet/ReactNativeApp/android/gradlew assembleRelease -p .' was 1 instead of 0.&#10;&#10;&gt; Configure project :app&#10;registerResGeneratingTask is deprecated, use registerGeneratedResFolders(FileCollection)&#10;registerResGeneratingTask is deprecated, use registerGeneratedResFolders(FileCollection)&#10;&#10;&gt; Task :app:checkReleaseClasspath FAILED&#10;&#10;FAILURE: Build failed with an exception.&#10;&#10;* What went wrong:&#10;Could not resolve all files for configuration ':app:releaseCompileClasspath'.&#10;&gt; Could not find com.android.support:appcompat-v7:28.0.3.&#10;  Searched in the following locations:&#10;      file:/Users/rbelmeha/Library/Android/sdk/extras/m2repository/com/android/support/appcompat-v7/28.0.3/appcompat-v7-28.0.3.pom&#10;      file:/Users/rbelmeha/Library/Android/sdk/extras/m2repository/com/android/support/appcompat-v7/28.0.3/appcompat-v7-28.0.3.jar&#10;      file:/Users/rbelmeha/Library/Android/sdk/extras/google/m2repository/com/android/support/appcompat-v7/28.0.3/appcompat-v7-28.0.3.pom&#10;      file:/Users/rbelmeha/Library/Android/sdk/extras/google/m2repository/com/android/support/appcompat-v7/28.0.3/appcompat-v7-28.0.3.jar&#10;      file:/Users/rbelmeha/Library/Android/sdk/extras/android/m2repository/com/android/support/appcompat-v7/28.0.3/appcompat-v7-28.0.3.pom&#10;      file:/Users/rbelmeha/Library/Android/sdk/extras/android/m2repository/com/android/support/appcompat-v7/28.0.3/appcompat-v7-28.0.3.jar&#10;      file:/Users/rbelmeha/.m2/repository/com/android/support/appcompat-v7/28.0.3/appcompat-v7-28.0.3.pom&#10;      file:/Users/rbelmeha/.m2/repository/com/android/support/appcompat-v7/28.0.3/appcompat-v7-28.0.3.jar&#10;      https://dl.google.com/dl/android/maven2/com/android/support/appcompat-v7/28.0.3/appcompat-v7-28.0.3.pom&#10;      https://dl.google.com/dl/android/maven2/com/android/support/appcompat-v7/28.0.3/appcompat-v7-28.0.3.jar&#10;      https://jcenter.bintray.com/com/android/support/appcompat-v7/28.0.3/appcompat-v7-28.0.3.pom&#10;      https://jcenter.bintray.com/com/android/support/appcompat-v7/28.0.3/appcompat-v7-28.0.3.jar&#10;      file:/Users/rbelmeha/Documents/pet/ReactNativeApp/node_modules/react-native/android/com/android/support/appcompat-v7/28.0.3/appcompat-v7-28.0.3.pom&#10;      file:/Users/rbelmeha/Documents/pet/ReactNativeApp/node_modules/react-native/android/com/android/support/appcompat-v7/28.0.3/appcompat-v7-28.0.3.jar&#10;  Required by:&#10;      project :app&#10;&gt; Could not find com.android.support:appcompat-v7:28.0.3.&#10;  Searched in the following locations:&#10;      file:/Users/rbelmeha/Library/Android/sdk/extras/m2repository/com/android/support/appcompat-v7/28.0.3/appcompat-v7-28.0.3.pom&#10;      file:/Users/rbelmeha/Library/Android/sdk/extras/m2repository/com/android/support/appcompat-v7/28.0.3/appcompat-v7-28.0.3.jar&#10;      file:/Users/rbelmeha/Library/Android/sdk/extras/google/m2repository/com/android/support/appcompat-v7/28.0.3/appcompat-v7-28.0.3.pom&#10;      file:/Users/rbelmeha/Library/Android/sdk/extras/google/m2repository/com/android/support/appcompat-v7/28.0.3/appcompat-v7-28.0.3.jar&#10;      file:/Users/rbelmeha/Library/Android/sdk/extras/android/m2repository/com/android/support/appcompat-v7/28.0.3/appcompat-v7-28.0.3.pom&#10;      file:/Users/rbelmeha/Library/Android/sdk/extras/android/m2repository/com/android/support/appcompat-v7/28.0.3/appcompat-v7-28.0.3.jar&#10;      file:/Users/rbelmeha/.m2/repository/com/android/support/appcompat-v7/28.0.3/appcompat-v7-28.0.3.pom&#10;      file:/Users/rbelmeha/.m2/repository/com/android/support/appcompat-v7/28.0.3/appcompat-v7-28.0.3.jar&#10;      https://dl.google.com/dl/android/maven2/com/android/support/appcompat-v7/28.0.3/appcompat-v7-28.0.3.pom&#10;      https://dl.google.com/dl/android/maven2/com/android/support/appcompat-v7/28.0.3/appcompat-v7-28.0.3.jar&#10;      https://jcenter.bintray.com/com/android/support/appcompat-v7/28.0.3/appcompat-v7-28.0.3.pom&#10;      https://jcenter.bintray.com/com/android/support/appcompat-v7/28.0.3/appcompat-v7-28.0.3.jar&#10;      file:/Users/rbelmeha/Documents/pet/ReactNativeApp/node_modules/react-native/android/com/android/support/appcompat-v7/28.0.3/appcompat-v7-28.0.3.pom&#10;      file:/Users/rbelmeha/Documents/pet/ReactNativeApp/node_modules/react-native/android/com/android/support/appcompat-v7/28.0.3/appcompat-v7-28.0.3.jar&#10;  Required by:&#10;      project :app &gt; com.facebook.react:react-native:0.58.6&#10;&gt; Could not find com.android.support:support-v4:28.0.3.&#10;  Searched in the following locations:&#10;      file:/Users/rbelmeha/Library/Android/sdk/extras/m2repository/com/android/support/support-v4/28.0.3/support-v4-28.0.3.pom&#10;      file:/Users/rbelmeha/Library/Android/sdk/extras/m2repository/com/android/support/support-v4/28.0.3/support-v4-28.0.3.aar&#10;      file:/Users/rbelmeha/Library/Android/sdk/extras/google/m2repository/com/android/support/support-v4/28.0.3/support-v4-28.0.3.pom&#10;      file:/Users/rbelmeha/Library/Android/sdk/extras/google/m2repository/com/android/support/support-v4/28.0.3/support-v4-28.0.3.aar&#10;      file:/Users/rbelmeha/Library/Android/sdk/extras/android/m2repository/com/android/support/support-v4/28.0.3/support-v4-28.0.3.pom&#10;      file:/Users/rbelmeha/Library/Android/sdk/extras/android/m2repository/com/android/support/support-v4/28.0.3/support-v4-28.0.3.aar&#10;      file:/Users/rbelmeha/.m2/repository/com/android/support/support-v4/28.0.3/support-v4-28.0.3.pom&#10;      file:/Users/rbelmeha/.m2/repository/com/android/support/support-v4/28.0.3/support-v4-28.0.3.aar&#10;      https://dl.google.com/dl/android/maven2/com/android/support/support-v4/28.0.3/support-v4-28.0.3.pom&#10;      https://dl.google.com/dl/android/maven2/com/android/support/support-v4/28.0.3/support-v4-28.0.3.aar&#10;      https://jcenter.bintray.com/com/android/support/support-v4/28.0.3/support-v4-28.0.3.pom&#10;      https://jcenter.bintray.com/com/android/support/support-v4/28.0.3/support-v4-28.0.3.aar&#10;      file:/Users/rbelmeha/Documents/pet/ReactNativeApp/node_modules/react-native/android/com/android/support/support-v4/28.0.3/support-v4-28.0.3.pom&#10;      file:/Users/rbelmeha/Documents/pet/ReactNativeApp/node_modules/react-native/android/com/android/support/support-v4/28.0.3/support-v4-28.0.3.aar&#10;  Required by:&#10;      project :app &gt; com.google.firebase:firebase-ml-vision:17.0.0 &gt; com.google.android.gms:play-services-basement:15.0.1&#10;&#10;* Try:&#10;Run with --stacktrace option to get the stack trace. Run with --info or --debug option to get more log output. Run with --scan to get full insights.&#10;&#10;* Get more help at https://help.gradle.org&#10;&#10;BUILD FAILED in 3s&#10;1 actionable task: 1 executed&#10;" />
        
      </testcase>
    
  </testsuite>
</testsuites>
